<?xml version="1.0" encoding="UTF-8"?>
<!-- Generated by org.testng.reporters.JUnitXMLReporter -->
<testsuite hostname="DESKTOP-RQ0I3KE" ignored="0" name="Test" tests="4" failures="2" timestamp="03 Jan 2020 01:59:24 GMT" time="35.025" errors="0">
  <testcase name="pageTitleTest" time="0.047" classname="com.hubdpot.tests.NOPCommerceDemo1">
    <failure type="java.lang.AssertionError" message="expected [nopCommerce demo123 store] but found [nopCommerce demo store]">
      <![CDATA[java.lang.AssertionError: expected [nopCommerce demo123 store] but found [nopCommerce demo store]
at com.hubdpot.tests.NOPCommerceDemo1.pageTitleTest(NOPCommerceDemo1.java:103)
... Removed 31 stack frames]]>
    </failure>
  </testcase> <!-- pageTitleTest -->
  <testcase name="pageURLTest" time="0.031" classname="com.hubdpot.tests.NOPCommerceDemo1"/>
  <testcase name="pageTitleTest" time="0.026" classname="com.hubdpot.tests.NOPCommerceDemo2">
    <failure type="java.lang.AssertionError" message="expected [nopCommerce demo123 store] but found [nopCommerce demo store]">
      <![CDATA[java.lang.AssertionError: expected [nopCommerce demo123 store] but found [nopCommerce demo store]
at com.hubdpot.tests.NOPCommerceDemo2.pageTitleTest(NOPCommerceDemo2.java:103)
... Removed 31 stack frames]]>
    </failure>
  </testcase> <!-- pageTitleTest -->
  <testcase name="pageURLTest" time="0.03" classname="com.hubdpot.tests.NOPCommerceDemo2"/>
</testsuite> <!-- Test -->
